<?xml version="1.0" encoding="UTF-8"?>
<testng-results skipped="0" failed="0" total="1" passed="1">
  <reporter-output>
  </reporter-output>
  <suite name="Default suite" duration-ms="12567" started-at="2016-02-11T08:29:04Z" finished-at="2016-02-11T08:29:16Z">
    <groups>
    </groups>
    <test name="Default test" duration-ms="12567" started-at="2016-02-11T08:29:04Z" finished-at="2016-02-11T08:29:16Z">
      <class name="org.maveric.com.CheckboxTest">
        <test-method status="PASS" signature="checkboxTest()[pri:0, instance:org.maveric.com.CheckboxTest@49a8b29c]" name="checkboxTest" duration-ms="12549" started-at="2016-02-11T13:59:04Z" finished-at="2016-02-11T13:59:16Z">
          <reporter-output>
          </reporter-output>
        </test-method> <!-- checkboxTest -->
      </class> <!-- org.maveric.com.CheckboxTest -->
    </test> <!-- Default test -->
  </suite> <!-- Default suite -->
</testng-results>
